1/1/0001 12:00:00 AM: INFO - Britain localization test completed
1/1/0001 12:00:00 AM: INFO - Germany localization test completed
1/1/0001 12:00:00 AM: INFO - Spanish localization test completed
5/23/2024 6:55:59 AM: INFO - Britain localization test completed
5/23/2024 6:56:19 AM: INFO - Germany localization test completed
5/23/2024 6:56:41 AM: INFO - Spanish localization test completed
5/23/2024 9:45:22 AM: INFO - Product successfully added to cart
5/23/2024 9:47:48 AM: INFO - Product successfully added to cart
5/23/2024 9:49:11 AM: INFO - Product successfully added to cart
5/23/2024 9:49:45 AM: INFO - Spanish localization test completed
5/23/2024 10:04:35 AM: INFO - Product successfully added to cart
5/23/2024 10:05:34 AM: INFO - Spanish localization test completed
5/23/2024 10:09:25 AM: INFO - Product successfully added to cart
5/23/2024 10:10:58 AM: INFO - Spanish localization test completed
5/23/2024 10:12:15 AM: INFO - Product successfully added to cart
5/23/2024 10:13:39 AM: INFO - Wrong promocode is passed the test
5/23/2024 10:14:37 AM: INFO - Spanish localization test completed
5/24/2024 4:45:16 PM: INFO - Product successfully added to cart
5/24/2024 4:46:03 PM: INFO - Wrong promocode is passed the test
5/24/2024 4:46:45 PM: INFO - Spanish localization test completed
